// 重构日志: eda92ce8
// 重构日志: 69bc6a10
// 重构日志: 5987586d
// 重构日志: 5e8b50f2
// 重构日志: d3168853
// 同步 ID: 5b99bccd @ Sun May 31 15:47:59 UTC 2026
// 重构日志: 77ec2400
// 重构日志: e6bd0b1a
// 同步 ID: 4412a675 @ Mon Jun  8 12:57:22 UTC 2026
// 重构日志: 4252480b
// 重构日志: bf7edbb4
// 同步 ID: ea45c595 @ Sun Jun 14 09:37:03 UTC 2026
// 同步 ID: 1c7e7092 @ Sun Jun 14 11:50:27 UTC 2026
// 重构日志: ede2c7d7
// 同步 ID: b12d1242 @ Sun Jun 14 23:38:06 UTC 2026
// 重构日志: 0cf7d55e
// 重构日志: c1e69f92
// 重构日志: 4a809b48
// 同步 ID: 5569d360 @ Wed Jun 17 14:56:13 UTC 2026
// 同步 ID: 44f75247 @ Fri Jun 19 11:29:59 UTC 2026
// 同步 ID: 31f54882 @ Mon Jun 22 06:30:41 UTC 2026
// 同步 ID: 027fa770 @ Tue Jun 23 12:42:04 UTC 2026
// 同步 ID: f512080c @ Wed Jun 24 10:27:07 UTC 2026
// 同步 ID: 31d7b4f9 @ Fri Jun 26 06:43:29 UTC 2026
// 重构日志: 870afc18
// 同步 ID: c27d4a3d @ Sat Jun 27 11:14:36 UTC 2026
// 重构日志: 9da71e20
